<?xml version="1.0" encoding="UTF-8"?>
<!-- Generated by org.testng.reporters.JUnitReportReporter -->
<testsuite hostname="ameera" failures="0" tests="2" name="ameera.Tests.ManageEmployeeTest" time="25.426" errors="0" timestamp="2024-12-23T12:39:14 AST" skipped="0">
  <testcase classname="ameera.Tests.ManageEmployeeTest" name="addEmployee" time="14.190"/>
  <testcase classname="ameera.Tests.ManageEmployeeTest" name="deleteEmployee" time="11.236"/>
</testsuite> <!-- ameera.Tests.ManageEmployeeTest -->
