<?xml version="1.0" encoding="UTF-8"?>
<!-- Generated by org.testng.reporters.JUnitReportReporter -->
<testsuite hostname="ameera" failures="0" tests="1" name="ameera.Tests.ManageRecruitmentTest" time="13.646" errors="0" timestamp="2024-12-23T12:39:14 AST" skipped="0">
  <testcase classname="ameera.Tests.ManageRecruitmentTest" name="addRecruitment" time="13.646"/>
</testsuite> <!-- ameera.Tests.ManageRecruitmentTest -->
