<?xml version="1.0" encoding="UTF-8"?>
<!-- Generated by org.testng.reporters.JUnitReportReporter -->
<testsuite hostname="ameera" failures="0" tests="1" name="ameera.Tests.AddEmployee" time="12.613" errors="0" timestamp="2024-12-17T13:02:16 AST" skipped="0">
  <testcase classname="ameera.Tests.AddEmployee" name="deleteEmployee" time="12.613"/>
</testsuite> <!-- ameera.Tests.AddEmployee -->
