<?xml version="1.0" encoding="UTF-8"?>
<!-- Generated by org.testng.reporters.JUnitReportReporter -->
<testsuite hostname="ameera" failures="0" tests="1" name="ameera.Tests.ManageClaimTest" time="16.171" errors="0" timestamp="2024-12-23T12:39:14 AST" skipped="0">
  <testcase classname="ameera.Tests.ManageClaimTest" name="addClaim" time="16.171"/>
</testsuite> <!-- ameera.Tests.ManageClaimTest -->
